<?xml version="1.0" encoding="UTF-8"?>
<!-- Generated by org.testng.reporters.JUnitReportReporter -->
<testsuite skipped="0" hostname="Amits-2018-MBP.T-mobile.com" name="com.qa.hubspot.tests.LoginTest" tests="9" failures="0" timestamp="07 Nov 2018 21:46:36 GMT" time="48.261" errors="0">
  <testcase name="verifyLoginPageTitleTest" time="5.001" classname="com.qa.hubspot.tests.LoginTest"/>
  <testcase name="verifyForgotPasswordLinkTest" time="4.915" classname="com.qa.hubspot.tests.LoginTest"/>
  <testcase name="loginTest" time="5.392" classname="com.qa.hubspot.tests.LoginTest"/>
  <testcase name="checkIfLoginIsSuccessfulTest" time="7.929" classname="com.qa.hubspot.tests.LoginTest"/>
  <testcase name="verifyRememberLinkTest" time="4.952" classname="com.qa.hubspot.tests.LoginTest"/>
  <testcase name="verifyGoogleSignInLinkTest" time="4.968" classname="com.qa.hubspot.tests.LoginTest"/>
  <testcase name="verifyLoginWithSSOLinkTest" time="4.939" classname="com.qa.hubspot.tests.LoginTest"/>
  <testcase name="verifyfooterAllRightsTextTest" time="5.086" classname="com.qa.hubspot.tests.LoginTest"/>
  <testcase name="verifyfooterPrivacyPolicyLinkTest" time="5.079" classname="com.qa.hubspot.tests.LoginTest"/>
</testsuite> <!-- com.qa.hubspot.tests.LoginTest -->
