<?xml version="1.0" encoding="UTF-8"?>
<!-- Generated by org.testng.reporters.JUnitReportReporter -->
<testsuite skipped="0" hostname="Amits-2018-MBP.T-mobile.com" name="com.qa.hubspot.tests.HomePageTest" tests="3" failures="0" timestamp="07 Nov 2018 21:46:36 GMT" time="28.448" errors="0">
  <testcase name="getHomePageHeader" time="9.420" classname="com.qa.hubspot.tests.HomePageTest"/>
  <testcase name="getHomepageTitleTest" time="9.285" classname="com.qa.hubspot.tests.HomePageTest"/>
  <testcase name="verifyLoggedAccountNameTest" time="9.743" classname="com.qa.hubspot.tests.HomePageTest"/>
</testsuite> <!-- com.qa.hubspot.tests.HomePageTest -->
